  [1m[36m (1.2ms)[0m  [1mCREATE TABLE "schema_migrations" ("version" varchar NOT NULL) [0m
  [1m[35m (0.0ms)[0m  select sqlite_version(*)
  [1m[36m (1.0ms)[0m  [1mCREATE UNIQUE INDEX "unique_schema_migrations" ON "schema_migrations" ("version")[0m
  [1m[35mActiveRecord::SchemaMigration Load (0.1ms)[0m  SELECT "schema_migrations".* FROM "schema_migrations"
  [1m[36mActiveRecord::SchemaMigration Load (0.1ms)[0m  [1mSELECT "schema_migrations".* FROM "schema_migrations"[0m
Migrating to CreatePosts (20151230232412)
  [1m[35m (0.1ms)[0m  begin transaction
  [1m[36m (0.4ms)[0m  [1mCREATE TABLE "posts" ("id" INTEGER PRIMARY KEY AUTOINCREMENT NOT NULL, "title" varchar, "description" text, "created_at" datetime NOT NULL, "updated_at" datetime NOT NULL) [0m
  [1m[35mSQL (0.2ms)[0m  INSERT INTO "schema_migrations" ("version") VALUES (?)  [["version", "20151230232412"]]
  [1m[36m (1.3ms)[0m  [1mcommit transaction[0m
  [1m[35mActiveRecord::SchemaMigration Load (0.1ms)[0m  SELECT "schema_migrations".* FROM "schema_migrations"
  [1m[35m (2.7ms)[0m  [1m[35mCREATE TABLE "ar_internal_metadata" ("key" varchar NOT NULL PRIMARY KEY, "value" varchar, "created_at" datetime NOT NULL, "updated_at" datetime NOT NULL)[0m
  [1m[36mActiveRecord::SchemaMigration Load (0.1ms)[0m  [1m[34mSELECT "schema_migrations".* FROM "schema_migrations"[0m
  [1m[36mActiveRecord::InternalMetadata Load (0.1ms)[0m  [1m[34mSELECT  "ar_internal_metadata".* FROM "ar_internal_metadata" WHERE "ar_internal_metadata"."key" = ? LIMIT ?[0m  [["key", "environment"], ["LIMIT", 1]]
  [1m[35m (0.0ms)[0m  [1m[36mbegin transaction[0m
  [1m[35mSQL (0.4ms)[0m  [1m[32mINSERT INTO "ar_internal_metadata" ("key", "value", "created_at", "updated_at") VALUES (?, ?, ?, ?)[0m  [["key", "environment"], ["value", "development"], ["created_at", "2020-02-23 03:26:25.200438"], ["updated_at", "2020-02-23 03:26:25.200438"]]
  [1m[35m (1.2ms)[0m  [1m[36mcommit transaction[0m
  [1m[36mActiveRecord::SchemaMigration Load (0.1ms)[0m  [1m[34mSELECT "schema_migrations".* FROM "schema_migrations"[0m
  [1m[36mActiveRecord::SchemaMigration Load (0.1ms)[0m  [1m[34mSELECT "schema_migrations".* FROM "schema_migrations"[0m
  [1m[36mActiveRecord::InternalMetadata Load (0.3ms)[0m  [1m[34mSELECT  "ar_internal_metadata".* FROM "ar_internal_metadata" WHERE "ar_internal_metadata"."key" = ? LIMIT ?[0m  [["key", "environment"], ["LIMIT", 1]]
  [1m[35m (0.2ms)[0m  [1m[36mbegin transaction[0m
  [1m[35m (0.1ms)[0m  [1m[36mcommit transaction[0m
  [1m[36mActiveRecord::SchemaMigration Load (0.1ms)[0m  [1m[34mSELECT "schema_migrations".* FROM "schema_migrations"[0m
  [1m[36mActiveRecord::SchemaMigration Load (0.1ms)[0m  [1m[34mSELECT "schema_migrations".* FROM "schema_migrations"[0m
  [1m[36mActiveRecord::SchemaMigration Load (0.1ms)[0m  [1m[34mSELECT "schema_migrations".* FROM "schema_migrations"[0m
  [1m[35m (0.0ms)[0m  [1m[36mbegin transaction[0m
  [1m[35mSQL (0.5ms)[0m  [1m[32mINSERT INTO "posts" ("title", "description", "created_at", "updated_at") VALUES (?, ?, ?, ?)[0m  [["title", "game"], ["description", "It's strongly recommended that you check this file into your version control system."], ["created_at", "2020-02-23 04:21:36.136517"], ["updated_at", "2020-02-23 04:21:36.136517"]]
  [1m[35m (0.9ms)[0m  [1m[36mcommit transaction[0m
  [1m[35m (0.0ms)[0m  [1m[36mbegin transaction[0m
  [1m[35mSQL (0.4ms)[0m  [1m[32mINSERT INTO "posts" ("title", "description", "created_at", "updated_at") VALUES (?, ?, ?, ?)[0m  [["title", "sport"], ["description", "you'll amass, the slower it'll run and the greater likelihood for issues)."], ["created_at", "2020-02-23 04:21:36.139500"], ["updated_at", "2020-02-23 04:21:36.139500"]]
  [1m[35m (1.0ms)[0m  [1m[36mcommit transaction[0m
Started GET "/posts" for ::1 at 2020-02-22 22:32:33 -0600
  [1m[36mActiveRecord::SchemaMigration Load (0.2ms)[0m  [1m[34mSELECT "schema_migrations".* FROM "schema_migrations"[0m
Processing by PostsController#index as HTML
  Rendering posts/index.html.erb within layouts/application
  [1m[36mPost Load (0.1ms)[0m  [1m[34mSELECT "posts".* FROM "posts"[0m
  Rendered posts/index.html.erb within layouts/application (6.5ms)
Completed 200 OK in 623ms (Views: 610.7ms | ActiveRecord: 0.6ms)


Started GET "/posts/new" for ::1 at 2020-02-22 22:32:35 -0600
Processing by PostsController#show as HTML
  Parameters: {"id"=>"new"}
  [1m[36mPost Load (1.0ms)[0m  [1m[34mSELECT  "posts".* FROM "posts" WHERE "posts"."id" = ? LIMIT ?[0m  [["id", 0], ["LIMIT", 1]]
Completed 404 Not Found in 8ms (ActiveRecord: 1.0ms)


  
ActiveRecord::RecordNotFound (Couldn't find Post with 'id'=new):
  
app/controllers/posts_controller.rb:7:in `show'
  Rendering /Users/vienpham/.rvm/gems/ruby-2.6.1/gems/actionpack-5.0.7.1/lib/action_dispatch/middleware/templates/rescues/diagnostics.html.erb within rescues/layout
  Rendering /Users/vienpham/.rvm/gems/ruby-2.6.1/gems/actionpack-5.0.7.1/lib/action_dispatch/middleware/templates/rescues/_source.html.erb
  Rendered /Users/vienpham/.rvm/gems/ruby-2.6.1/gems/actionpack-5.0.7.1/lib/action_dispatch/middleware/templates/rescues/_source.html.erb (3.6ms)
  Rendering /Users/vienpham/.rvm/gems/ruby-2.6.1/gems/actionpack-5.0.7.1/lib/action_dispatch/middleware/templates/rescues/_trace.html.erb
  Rendered /Users/vienpham/.rvm/gems/ruby-2.6.1/gems/actionpack-5.0.7.1/lib/action_dispatch/middleware/templates/rescues/_trace.html.erb (2.0ms)
  Rendering /Users/vienpham/.rvm/gems/ruby-2.6.1/gems/actionpack-5.0.7.1/lib/action_dispatch/middleware/templates/rescues/_request_and_response.html.erb
  Rendered /Users/vienpham/.rvm/gems/ruby-2.6.1/gems/actionpack-5.0.7.1/lib/action_dispatch/middleware/templates/rescues/_request_and_response.html.erb (0.9ms)
  Rendered /Users/vienpham/.rvm/gems/ruby-2.6.1/gems/actionpack-5.0.7.1/lib/action_dispatch/middleware/templates/rescues/diagnostics.html.erb within rescues/layout (34.1ms)
Started GET "/posts/new" for ::1 at 2020-02-22 22:33:17 -0600
Processing by PostsController#show as HTML
  Parameters: {"id"=>"new"}
  [1m[36mPost Load (0.2ms)[0m  [1m[34mSELECT  "posts".* FROM "posts" WHERE "posts"."id" = ? LIMIT ?[0m  [["id", 0], ["LIMIT", 1]]
Completed 404 Not Found in 10ms (ActiveRecord: 1.2ms)


  
ActiveRecord::RecordNotFound (Couldn't find Post with 'id'=new):
  
app/controllers/posts_controller.rb:7:in `show'
  Rendering /Users/vienpham/.rvm/gems/ruby-2.6.1/gems/actionpack-5.0.7.1/lib/action_dispatch/middleware/templates/rescues/diagnostics.html.erb within rescues/layout
  Rendering /Users/vienpham/.rvm/gems/ruby-2.6.1/gems/actionpack-5.0.7.1/lib/action_dispatch/middleware/templates/rescues/_source.html.erb
  Rendered /Users/vienpham/.rvm/gems/ruby-2.6.1/gems/actionpack-5.0.7.1/lib/action_dispatch/middleware/templates/rescues/_source.html.erb (2.6ms)
  Rendering /Users/vienpham/.rvm/gems/ruby-2.6.1/gems/actionpack-5.0.7.1/lib/action_dispatch/middleware/templates/rescues/_trace.html.erb
  Rendered /Users/vienpham/.rvm/gems/ruby-2.6.1/gems/actionpack-5.0.7.1/lib/action_dispatch/middleware/templates/rescues/_trace.html.erb (2.4ms)
  Rendering /Users/vienpham/.rvm/gems/ruby-2.6.1/gems/actionpack-5.0.7.1/lib/action_dispatch/middleware/templates/rescues/_request_and_response.html.erb
  Rendered /Users/vienpham/.rvm/gems/ruby-2.6.1/gems/actionpack-5.0.7.1/lib/action_dispatch/middleware/templates/rescues/_request_and_response.html.erb (1.2ms)
  Rendered /Users/vienpham/.rvm/gems/ruby-2.6.1/gems/actionpack-5.0.7.1/lib/action_dispatch/middleware/templates/rescues/diagnostics.html.erb within rescues/layout (25.3ms)
Started GET "/posts" for ::1 at 2020-02-22 22:33:20 -0600
Processing by PostsController#index as HTML
  Rendering posts/index.html.erb within layouts/application
  [1m[36mPost Load (0.2ms)[0m  [1m[34mSELECT "posts".* FROM "posts"[0m
  Rendered posts/index.html.erb within layouts/application (4.9ms)
Completed 200 OK in 24ms (Views: 22.0ms | ActiveRecord: 0.2ms)


Started GET "/posts/1" for ::1 at 2020-02-22 22:33:21 -0600
Processing by PostsController#show as HTML
  Parameters: {"id"=>"1"}
  [1m[36mPost Load (0.2ms)[0m  [1m[34mSELECT  "posts".* FROM "posts" WHERE "posts"."id" = ? LIMIT ?[0m  [["id", 1], ["LIMIT", 1]]
  Rendering posts/show.html.erb within layouts/application
  Rendered posts/show.html.erb within layouts/application (0.9ms)
Completed 200 OK in 32ms (Views: 27.6ms | ActiveRecord: 0.2ms)


Started GET "/posts/2" for ::1 at 2020-02-22 22:33:25 -0600
Processing by PostsController#show as HTML
  Parameters: {"id"=>"2"}
  [1m[36mPost Load (0.1ms)[0m  [1m[34mSELECT  "posts".* FROM "posts" WHERE "posts"."id" = ? LIMIT ?[0m  [["id", 2], ["LIMIT", 1]]
  Rendering posts/show.html.erb within layouts/application
  Rendered posts/show.html.erb within layouts/application (0.5ms)
Completed 200 OK in 25ms (Views: 22.7ms | ActiveRecord: 0.1ms)


Started GET "/posts/new" for ::1 at 2020-02-22 22:33:28 -0600
Processing by PostsController#show as HTML
  Parameters: {"id"=>"new"}
  [1m[36mPost Load (0.2ms)[0m  [1m[34mSELECT  "posts".* FROM "posts" WHERE "posts"."id" = ? LIMIT ?[0m  [["id", 0], ["LIMIT", 1]]
Completed 404 Not Found in 1ms (ActiveRecord: 0.2ms)


  
ActiveRecord::RecordNotFound (Couldn't find Post with 'id'=new):
  
app/controllers/posts_controller.rb:7:in `show'
  Rendering /Users/vienpham/.rvm/gems/ruby-2.6.1/gems/actionpack-5.0.7.1/lib/action_dispatch/middleware/templates/rescues/diagnostics.html.erb within rescues/layout
  Rendering /Users/vienpham/.rvm/gems/ruby-2.6.1/gems/actionpack-5.0.7.1/lib/action_dispatch/middleware/templates/rescues/_source.html.erb
  Rendered /Users/vienpham/.rvm/gems/ruby-2.6.1/gems/actionpack-5.0.7.1/lib/action_dispatch/middleware/templates/rescues/_source.html.erb (3.0ms)
  Rendering /Users/vienpham/.rvm/gems/ruby-2.6.1/gems/actionpack-5.0.7.1/lib/action_dispatch/middleware/templates/rescues/_trace.html.erb
  Rendered /Users/vienpham/.rvm/gems/ruby-2.6.1/gems/actionpack-5.0.7.1/lib/action_dispatch/middleware/templates/rescues/_trace.html.erb (2.2ms)
  Rendering /Users/vienpham/.rvm/gems/ruby-2.6.1/gems/actionpack-5.0.7.1/lib/action_dispatch/middleware/templates/rescues/_request_and_response.html.erb
  Rendered /Users/vienpham/.rvm/gems/ruby-2.6.1/gems/actionpack-5.0.7.1/lib/action_dispatch/middleware/templates/rescues/_request_and_response.html.erb (1.1ms)
  Rendered /Users/vienpham/.rvm/gems/ruby-2.6.1/gems/actionpack-5.0.7.1/lib/action_dispatch/middleware/templates/rescues/diagnostics.html.erb within rescues/layout (27.7ms)
Started GET "/posts/new" for ::1 at 2020-02-22 22:33:42 -0600
Processing by PostsController#show as HTML
  Parameters: {"id"=>"new"}
  [1m[36mPost Load (0.2ms)[0m  [1m[34mSELECT  "posts".* FROM "posts" WHERE "posts"."id" = ? LIMIT ?[0m  [["id", 0], ["LIMIT", 1]]
Completed 404 Not Found in 2ms (ActiveRecord: 0.2ms)


  
ActiveRecord::RecordNotFound (Couldn't find Post with 'id'=new):
  
app/controllers/posts_controller.rb:7:in `show'
  Rendering /Users/vienpham/.rvm/gems/ruby-2.6.1/gems/actionpack-5.0.7.1/lib/action_dispatch/middleware/templates/rescues/diagnostics.html.erb within rescues/layout
  Rendering /Users/vienpham/.rvm/gems/ruby-2.6.1/gems/actionpack-5.0.7.1/lib/action_dispatch/middleware/templates/rescues/_source.html.erb
  Rendered /Users/vienpham/.rvm/gems/ruby-2.6.1/gems/actionpack-5.0.7.1/lib/action_dispatch/middleware/templates/rescues/_source.html.erb (2.8ms)
  Rendering /Users/vienpham/.rvm/gems/ruby-2.6.1/gems/actionpack-5.0.7.1/lib/action_dispatch/middleware/templates/rescues/_trace.html.erb
  Rendered /Users/vienpham/.rvm/gems/ruby-2.6.1/gems/actionpack-5.0.7.1/lib/action_dispatch/middleware/templates/rescues/_trace.html.erb (2.0ms)
  Rendering /Users/vienpham/.rvm/gems/ruby-2.6.1/gems/actionpack-5.0.7.1/lib/action_dispatch/middleware/templates/rescues/_request_and_response.html.erb
  Rendered /Users/vienpham/.rvm/gems/ruby-2.6.1/gems/actionpack-5.0.7.1/lib/action_dispatch/middleware/templates/rescues/_request_and_response.html.erb (1.3ms)
  Rendered /Users/vienpham/.rvm/gems/ruby-2.6.1/gems/actionpack-5.0.7.1/lib/action_dispatch/middleware/templates/rescues/diagnostics.html.erb within rescues/layout (30.9ms)
Started GET "/posts/new" for ::1 at 2020-02-22 22:34:42 -0600
Processing by PostsController#new as HTML
  Rendering posts/new.html.erb within layouts/application
  Rendered posts/new.html.erb within layouts/application (0.4ms)
Completed 200 OK in 17ms (Views: 14.8ms | ActiveRecord: 0.0ms)


Started GET "/posts" for ::1 at 2020-02-22 22:34:43 -0600
Processing by PostsController#index as HTML
  Rendering posts/index.html.erb within layouts/application
  [1m[36mPost Load (0.7ms)[0m  [1m[34mSELECT "posts".* FROM "posts"[0m
  Rendered posts/index.html.erb within layouts/application (13.6ms)
Completed 200 OK in 39ms (Views: 31.7ms | ActiveRecord: 2.7ms)


Started GET "/posts/new" for ::1 at 2020-02-22 22:34:46 -0600
Processing by PostsController#new as HTML
  Rendering posts/new.html.erb within layouts/application
  Rendered posts/new.html.erb within layouts/application (0.6ms)
Completed 200 OK in 17ms (Views: 15.9ms | ActiveRecord: 0.0ms)


